<?xml version="1.0" encoding="UTF-8"?>
<testsuite xmlns:xsi="http://www.w3.org/2001/XMLSchema-instance" xsi:noNamespaceSchemaLocation="https://maven.apache.org/surefire/maven-surefire-plugin/xsd/surefire-test-report.xsd" name="Login Functionality" time="40.926" tests="4" errors="0" skipped="0" failures="0">
  <properties>
    <property name="sun.desktop" value="windows"/>
    <property name="awt.toolkit" value="sun.awt.windows.WToolkit"/>
    <property name="java.specification.version" value="12"/>
    <property name="webdriver.chrome.driver" value="C:\Drivers\chromedriver.exe"/>
    <property name="sun.cpu.isalist" value="amd64"/>
    <property name="sun.jnu.encoding" value="Cp1252"/>
    <property name="java.class.path" value="C:\Users\vgrk2\eclipse-workspace-2\tau-cucumber-course\target\test-classes;C:\Users\vgrk2\eclipse-workspace-2\tau-cucumber-course\target\classes;C:\Users\vgrk2\.m2\repository\io\cucumber\cucumber-java\5.0.0-RC2\cucumber-java-5.0.0-RC2.jar;C:\Users\vgrk2\.m2\repository\io\cucumber\cucumber-core\5.0.0-RC2\cucumber-core-5.0.0-RC2.jar;C:\Users\vgrk2\.m2\repository\io\cucumber\gherkin\5.2.0\gherkin-5.2.0.jar;C:\Users\vgrk2\.m2\repository\io\cucumber\gherkin-jvm-deps\1.0.6\gherkin-jvm-deps-1.0.6.jar;C:\Users\vgrk2\.m2\repository\io\cucumber\tag-expressions\2.0.2\tag-expressions-2.0.2.jar;C:\Users\vgrk2\.m2\repository\io\cucumber\cucumber-expressions\8.0.0\cucumber-expressions-8.0.0.jar;C:\Users\vgrk2\.m2\repository\org\hamcrest\hamcrest-library\2.1\hamcrest-library-2.1.jar;C:\Users\vgrk2\.m2\repository\io\cucumber\datatable\3.0.0\datatable-3.0.0.jar;C:\Users\vgrk2\.m2\repository\io\cucumber\datatable-dependencies\3.0.0\datatable-dependencies-3.0.0.jar;C:\Users\vgrk2\.m2\repository\io\cucumber\cucumber-plugin\5.0.0-RC2\cucumber-plugin-5.0.0-RC2.jar;C:\Users\vgrk2\.m2\repository\io\cucumber\docstring\5.0.0-RC2\docstring-5.0.0-RC2.jar;C:\Users\vgrk2\.m2\repository\org\apiguardian\apiguardian-api\1.1.0\apiguardian-api-1.1.0.jar;C:\Users\vgrk2\.m2\repository\io\cucumber\cucumber-junit\5.0.0-RC2\cucumber-junit-5.0.0-RC2.jar;C:\Users\vgrk2\.m2\repository\junit\junit\4.12\junit-4.12.jar;C:\Users\vgrk2\.m2\repository\org\hamcrest\hamcrest-core\1.3\hamcrest-core-1.3.jar;C:\Users\vgrk2\.m2\repository\org\seleniumhq\selenium\selenium-java\3.141.59\selenium-java-3.141.59.jar;C:\Users\vgrk2\.m2\repository\org\seleniumhq\selenium\selenium-api\3.141.59\selenium-api-3.141.59.jar;C:\Users\vgrk2\.m2\repository\org\seleniumhq\selenium\selenium-chrome-driver\3.141.59\selenium-chrome-driver-3.141.59.jar;C:\Users\vgrk2\.m2\repository\org\seleniumhq\selenium\selenium-edge-driver\3.141.59\selenium-edge-driver-3.141.59.jar;C:\Users\vgrk2\.m2\repository\org\seleniumhq\selenium\selenium-firefox-driver\3.141.59\selenium-firefox-driver-3.141.59.jar;C:\Users\vgrk2\.m2\repository\org\seleniumhq\selenium\selenium-ie-driver\3.141.59\selenium-ie-driver-3.141.59.jar;C:\Users\vgrk2\.m2\repository\org\seleniumhq\selenium\selenium-opera-driver\3.141.59\selenium-opera-driver-3.141.59.jar;C:\Users\vgrk2\.m2\repository\org\seleniumhq\selenium\selenium-remote-driver\3.141.59\selenium-remote-driver-3.141.59.jar;C:\Users\vgrk2\.m2\repository\org\seleniumhq\selenium\selenium-safari-driver\3.141.59\selenium-safari-driver-3.141.59.jar;C:\Users\vgrk2\.m2\repository\org\seleniumhq\selenium\selenium-support\3.141.59\selenium-support-3.141.59.jar;C:\Users\vgrk2\.m2\repository\net\bytebuddy\byte-buddy\1.8.15\byte-buddy-1.8.15.jar;C:\Users\vgrk2\.m2\repository\org\apache\commons\commons-exec\1.3\commons-exec-1.3.jar;C:\Users\vgrk2\.m2\repository\com\google\guava\guava\25.0-jre\guava-25.0-jre.jar;C:\Users\vgrk2\.m2\repository\com\google\code\findbugs\jsr305\1.3.9\jsr305-1.3.9.jar;C:\Users\vgrk2\.m2\repository\org\checkerframework\checker-compat-qual\2.0.0\checker-compat-qual-2.0.0.jar;C:\Users\vgrk2\.m2\repository\com\google\errorprone\error_prone_annotations\2.1.3\error_prone_annotations-2.1.3.jar;C:\Users\vgrk2\.m2\repository\com\google\j2objc\j2objc-annotations\1.1\j2objc-annotations-1.1.jar;C:\Users\vgrk2\.m2\repository\org\codehaus\mojo\animal-sniffer-annotations\1.14\animal-sniffer-annotations-1.14.jar;C:\Users\vgrk2\.m2\repository\com\squareup\okhttp3\okhttp\3.11.0\okhttp-3.11.0.jar;C:\Users\vgrk2\.m2\repository\com\squareup\okio\okio\1.14.0\okio-1.14.0.jar;C:\Users\vgrk2\.m2\repository\io\cucumber\cucumber-picocontainer\5.0.0-RC2\cucumber-picocontainer-5.0.0-RC2.jar;C:\Users\vgrk2\.m2\repository\org\picocontainer\picocontainer\2.15\picocontainer-2.15.jar;"/>
    <property name="java.vm.vendor" value="Oracle Corporation"/>
    <property name="sun.arch.data.model" value="64"/>
    <property name="user.variant" value=""/>
    <property name="java.vendor.url" value="https://java.oracle.com/"/>
    <property name="user.timezone" value="Europe/London"/>
    <property name="os.name" value="Windows 10"/>
    <property name="java.vm.specification.version" value="12"/>
    <property name="sun.java.launcher" value="SUN_STANDARD"/>
    <property name="user.country" value="GB"/>
    <property name="sun.boot.library.path" value="C:\Program Files\Java\jdk-12.0.2\bin"/>
    <property name="sun.java.command" value="C:\Users\vgrk2\AppData\Local\Temp\surefire6915538389197016289\surefirebooter12336661999427879399.jar C:\Users\vgrk2\AppData\Local\Temp\surefire6915538389197016289 2020-02-01T19-28-07_166-jvmRun1 surefire3529461489511014484tmp surefire_02396549133653125890tmp"/>
    <property name="jdk.debug" value="release"/>
    <property name="surefire.test.class.path" value="C:\Users\vgrk2\eclipse-workspace-2\tau-cucumber-course\target\test-classes;C:\Users\vgrk2\eclipse-workspace-2\tau-cucumber-course\target\classes;C:\Users\vgrk2\.m2\repository\io\cucumber\cucumber-java\5.0.0-RC2\cucumber-java-5.0.0-RC2.jar;C:\Users\vgrk2\.m2\repository\io\cucumber\cucumber-core\5.0.0-RC2\cucumber-core-5.0.0-RC2.jar;C:\Users\vgrk2\.m2\repository\io\cucumber\gherkin\5.2.0\gherkin-5.2.0.jar;C:\Users\vgrk2\.m2\repository\io\cucumber\gherkin-jvm-deps\1.0.6\gherkin-jvm-deps-1.0.6.jar;C:\Users\vgrk2\.m2\repository\io\cucumber\tag-expressions\2.0.2\tag-expressions-2.0.2.jar;C:\Users\vgrk2\.m2\repository\io\cucumber\cucumber-expressions\8.0.0\cucumber-expressions-8.0.0.jar;C:\Users\vgrk2\.m2\repository\org\hamcrest\hamcrest-library\2.1\hamcrest-library-2.1.jar;C:\Users\vgrk2\.m2\repository\io\cucumber\datatable\3.0.0\datatable-3.0.0.jar;C:\Users\vgrk2\.m2\repository\io\cucumber\datatable-dependencies\3.0.0\datatable-dependencies-3.0.0.jar;C:\Users\vgrk2\.m2\repository\io\cucumber\cucumber-plugin\5.0.0-RC2\cucumber-plugin-5.0.0-RC2.jar;C:\Users\vgrk2\.m2\repository\io\cucumber\docstring\5.0.0-RC2\docstring-5.0.0-RC2.jar;C:\Users\vgrk2\.m2\repository\org\apiguardian\apiguardian-api\1.1.0\apiguardian-api-1.1.0.jar;C:\Users\vgrk2\.m2\repository\io\cucumber\cucumber-junit\5.0.0-RC2\cucumber-junit-5.0.0-RC2.jar;C:\Users\vgrk2\.m2\repository\junit\junit\4.12\junit-4.12.jar;C:\Users\vgrk2\.m2\repository\org\hamcrest\hamcrest-core\1.3\hamcrest-core-1.3.jar;C:\Users\vgrk2\.m2\repository\org\seleniumhq\selenium\selenium-java\3.141.59\selenium-java-3.141.59.jar;C:\Users\vgrk2\.m2\repository\org\seleniumhq\selenium\selenium-api\3.141.59\selenium-api-3.141.59.jar;C:\Users\vgrk2\.m2\repository\org\seleniumhq\selenium\selenium-chrome-driver\3.141.59\selenium-chrome-driver-3.141.59.jar;C:\Users\vgrk2\.m2\repository\org\seleniumhq\selenium\selenium-edge-driver\3.141.59\selenium-edge-driver-3.141.59.jar;C:\Users\vgrk2\.m2\repository\org\seleniumhq\selenium\selenium-firefox-driver\3.141.59\selenium-firefox-driver-3.141.59.jar;C:\Users\vgrk2\.m2\repository\org\seleniumhq\selenium\selenium-ie-driver\3.141.59\selenium-ie-driver-3.141.59.jar;C:\Users\vgrk2\.m2\repository\org\seleniumhq\selenium\selenium-opera-driver\3.141.59\selenium-opera-driver-3.141.59.jar;C:\Users\vgrk2\.m2\repository\org\seleniumhq\selenium\selenium-remote-driver\3.141.59\selenium-remote-driver-3.141.59.jar;C:\Users\vgrk2\.m2\repository\org\seleniumhq\selenium\selenium-safari-driver\3.141.59\selenium-safari-driver-3.141.59.jar;C:\Users\vgrk2\.m2\repository\org\seleniumhq\selenium\selenium-support\3.141.59\selenium-support-3.141.59.jar;C:\Users\vgrk2\.m2\repository\net\bytebuddy\byte-buddy\1.8.15\byte-buddy-1.8.15.jar;C:\Users\vgrk2\.m2\repository\org\apache\commons\commons-exec\1.3\commons-exec-1.3.jar;C:\Users\vgrk2\.m2\repository\com\google\guava\guava\25.0-jre\guava-25.0-jre.jar;C:\Users\vgrk2\.m2\repository\com\google\code\findbugs\jsr305\1.3.9\jsr305-1.3.9.jar;C:\Users\vgrk2\.m2\repository\org\checkerframework\checker-compat-qual\2.0.0\checker-compat-qual-2.0.0.jar;C:\Users\vgrk2\.m2\repository\com\google\errorprone\error_prone_annotations\2.1.3\error_prone_annotations-2.1.3.jar;C:\Users\vgrk2\.m2\repository\com\google\j2objc\j2objc-annotations\1.1\j2objc-annotations-1.1.jar;C:\Users\vgrk2\.m2\repository\org\codehaus\mojo\animal-sniffer-annotations\1.14\animal-sniffer-annotations-1.14.jar;C:\Users\vgrk2\.m2\repository\com\squareup\okhttp3\okhttp\3.11.0\okhttp-3.11.0.jar;C:\Users\vgrk2\.m2\repository\com\squareup\okio\okio\1.14.0\okio-1.14.0.jar;C:\Users\vgrk2\.m2\repository\io\cucumber\cucumber-picocontainer\5.0.0-RC2\cucumber-picocontainer-5.0.0-RC2.jar;C:\Users\vgrk2\.m2\repository\org\picocontainer\picocontainer\2.15\picocontainer-2.15.jar;"/>
    <property name="sun.cpu.endian" value="little"/>
    <property name="user.home" value="C:\Users\vgrk2"/>
    <property name="user.language" value="en"/>
    <property name="java.specification.vendor" value="Oracle Corporation"/>
    <property name="java.version.date" value="2019-07-16"/>
    <property name="java.home" value="C:\Program Files\Java\jdk-12.0.2"/>
    <property name="file.separator" value="\"/>
    <property name="basedir" value="C:\Users\vgrk2\eclipse-workspace-2\tau-cucumber-course"/>
    <property name="java.vm.compressedOopsMode" value="32-bit"/>
    <property name="line.separator" value="&#10;"/>
    <property name="java.vm.specification.vendor" value="Oracle Corporation"/>
    <property name="java.specification.name" value="Java Platform API Specification"/>
    <property name="java.awt.graphicsenv" value="sun.awt.Win32GraphicsEnvironment"/>
    <property name="surefire.real.class.path" value="C:\Users\vgrk2\AppData\Local\Temp\surefire6915538389197016289\surefirebooter12336661999427879399.jar"/>
    <property name="user.script" value=""/>
    <property name="sun.management.compiler" value="HotSpot 64-Bit Tiered Compilers"/>
    <property name="java.runtime.version" value="12.0.2+10"/>
    <property name="user.name" value="vgrk2"/>
    <property name="path.separator" value=";"/>
    <property name="os.version" value="10.0"/>
    <property name="java.runtime.name" value="Java(TM) SE Runtime Environment"/>
    <property name="file.encoding" value="Cp1252"/>
    <property name="java.vm.name" value="Java HotSpot(TM) 64-Bit Server VM"/>
    <property name="localRepository" value="C:\Users\vgrk2\.m2\repository"/>
    <property name="java.vendor.url.bug" value="https://bugreport.java.com/bugreport/"/>
    <property name="java.io.tmpdir" value="C:\Users\vgrk2\AppData\Local\Temp\"/>
    <property name="java.version" value="12.0.2"/>
    <property name="user.dir" value="C:\Users\vgrk2\eclipse-workspace-2\tau-cucumber-course"/>
    <property name="os.arch" value="amd64"/>
    <property name="java.vm.specification.name" value="Java Virtual Machine Specification"/>
    <property name="sun.os.patch.level" value=""/>
    <property name="java.library.path" value="C:\Program Files\Java\jdk-12.0.2\bin;C:\Windows\Sun\Java\bin;C:\Windows\system32;C:\Windows;C:\Program Files\ImageMagick-7.0.9-Q16;C:\ProgramData\DockerDesktop\version-bin;C:\Program Files\Docker\Docker\Resources\bin;C:\Program Files (x86)\Common Files\Oracle\Java\javapath;C:\Windows\system32;C:\Windows;C:\Windows\System32\Wbem;C:\Windows\System32\WindowsPowerShell\v1.0\;C:\Windows\System32\OpenSSH\;C:\Program Files\dotnet\;C:\Program Files\Microsoft SQL Server\130\Tools\Binn\;C:\Program Files\Microsoft SQL Server\Client SDK\ODBC\170\Tools\Binn\;C:\Program Files\nodejs\;C:\Program Files (x86)\GitExtensions\;C:\Program Files\Git\cmd;C:\Program Files (x86)\Yarn\bin\;C:\Program Files\apache-maven-3.6.3\bin;C:\Program Files\Java\jdk-12.0.2\\bin;C:\Users\vgrk2\scoop\shims;C:\Users\vgrk2\AppData\Local\Microsoft\WindowsApps;C:\Users\vgrk2\AppData\Roaming\npm;C:\Users\vgrk2\AppData\Local\Programs\Microsoft VS Code\bin;C:\Users\vgrk2\AppData\Local\Yarn\bin;C:\Users\vgrk2\.dotnet\tools;."/>
    <property name="java.vm.info" value="mixed mode, sharing"/>
    <property name="java.vendor" value="Oracle Corporation"/>
    <property name="java.vm.version" value="12.0.2+10"/>
    <property name="sun.io.unicode.encoding" value="UnicodeLittle"/>
    <property name="java.class.version" value="56.0"/>
  </properties>
  <testcase name="Login Successful" classname="Login Functionality" time="21.369"/>
  <testcase name="Login Successful" classname="Login Functionality" time="19.969"/>
  <testcase name="Login Successful" classname="Login Functionality" time="19.027"/>
  <testcase name="Login Successful" classname="Login Functionality" time="19.545"/>
</testsuite>